2012-11-24 09:14:10,044 - Log4JLogChute initialized using file '/Users/alezonez/Documents/workspace/pi2/.metadata/.plugins/org.jboss.tools.jst.web.ui/velocity.log'
2012-11-24 09:14:10,044 - Starting Apache Velocity v1.5 (compiled: 2007-02-22 08:52:29)
2012-11-24 09:14:10,044 - Default Properties File: org/apache/velocity/runtime/defaults/velocity.properties
2012-11-24 09:14:10,044 - Trying to use logger class org.apache.velocity.runtime.log.AvalonLogChute
2012-11-24 09:14:10,045 - Couldn't find class org.apache.velocity.runtime.log.AvalonLogChute or necessary supporting classes in classpath.
java.lang.NoClassDefFoundError: org/apache/log/format/Formatter
	at java.lang.Class.forName0(Native Method)
	at java.lang.Class.forName(Class.java:247)
	at org.apache.velocity.util.ClassUtils.getClass(ClassUtils.java:63)
	at org.apache.velocity.util.ClassUtils.getNewInstance(ClassUtils.java:95)
	at org.apache.velocity.runtime.log.LogManager.createLogChute(LogManager.java:147)
	at org.apache.velocity.runtime.log.LogManager.updateLog(LogManager.java:208)
	at org.apache.velocity.runtime.RuntimeInstance.initializeLog(RuntimeInstance.java:728)
	at org.apache.velocity.runtime.RuntimeInstance.init(RuntimeInstance.java:240)
	at org.apache.velocity.runtime.RuntimeInstance.init(RuntimeInstance.java:534)
	at org.apache.velocity.runtime.RuntimeSingleton.init(RuntimeSingleton.java:227)
	at org.apache.velocity.app.Velocity.init(Velocity.java:111)
	at org.jboss.tools.jst.web.ui.operation.TemplatePreprocessor.process(TemplatePreprocessor.java:79)
	at org.jboss.tools.jst.web.ui.operation.TemplatePreprocessor.execute(TemplatePreprocessor.java:58)
	at org.jboss.tools.jst.web.ui.operation.WebNatureOperation.preprocessTemplate(WebNatureOperation.java:622)
	at org.jboss.tools.jsf.ui.operation.JSFProjectCreationOperation.copyTemplate(JSFProjectCreationOperation.java:132)
	at org.jboss.tools.jst.web.ui.operation.WebProjectCreationOperation.preCreateWebNature(WebProjectCreationOperation.java:76)
	at org.jboss.tools.jst.web.ui.operation.WebNatureOperation.run(WebNatureOperation.java:226)
	at org.eclipse.ui.actions.WorkspaceModifyDelegatingOperation.execute(WorkspaceModifyDelegatingOperation.java:69)
	at org.eclipse.ui.actions.WorkspaceModifyOperation$1.run(WorkspaceModifyOperation.java:106)
	at org.eclipse.core.internal.resources.Workspace.run(Workspace.java:2344)
	at org.eclipse.ui.actions.WorkspaceModifyOperation.run(WorkspaceModifyOperation.java:118)
	at org.eclipse.jface.operation.ModalContext$ModalContextThread.run(ModalContext.java:121)
Caused by: java.lang.ClassNotFoundException: org.apache.log.format.Formatter
	at org.eclipse.osgi.internal.loader.BundleLoader.findClassInternal(BundleLoader.java:501)
	at org.eclipse.osgi.internal.loader.BundleLoader.findClass(BundleLoader.java:421)
	at org.eclipse.osgi.internal.loader.BundleLoader.findClass(BundleLoader.java:412)
	at org.eclipse.osgi.internal.baseadaptor.DefaultClassLoader.loadClass(DefaultClassLoader.java:107)
	at java.lang.ClassLoader.loadClass(ClassLoader.java:247)
	... 22 more
2012-11-24 09:14:10,045 - Trying to use logger class org.apache.velocity.runtime.log.Log4JLogChute
2012-11-24 09:14:10,045 - Using logger class org.apache.velocity.runtime.log.Log4JLogChute
2012-11-24 09:14:10,047 - Default ResourceManager initializing. (class org.apache.velocity.runtime.resource.ResourceManagerImpl)
2012-11-24 09:14:10,050 - ResourceLoader instantiated: org.apache.velocity.runtime.resource.loader.FileResourceLoader
2012-11-24 09:14:10,051 - Do unicode file recognition:  false
2012-11-24 09:14:10,051 - FileResourceLoader : adding path '/Users/alezonez/Documents/workspace/pi2/.metadata/.plugins/org.jboss.tools.common.projecttemplates/templates/jsf-2.0/JSFBlankWithoutLibs'
2012-11-24 09:14:10,072 - ResourceCache: initialized (class org.apache.velocity.runtime.resource.ResourceCacheImpl)
2012-11-24 09:14:10,073 - Loaded System Directive: org.apache.velocity.runtime.directive.Literal
2012-11-24 09:14:10,074 - Loaded System Directive: org.apache.velocity.runtime.directive.Macro
2012-11-24 09:14:10,074 - Loaded System Directive: org.apache.velocity.runtime.directive.Parse
2012-11-24 09:14:10,076 - Loaded System Directive: org.apache.velocity.runtime.directive.Include
2012-11-24 09:14:10,076 - Loaded System Directive: org.apache.velocity.runtime.directive.Foreach
2012-11-24 09:14:10,101 - Created '20' parsers.
2012-11-24 09:14:10,105 - Velocimacro : "velocimacro.library" is not set.  Trying default library: VM_global_library.vm
2012-11-24 09:14:10,105 - Velocimacro : Default library not found.
2012-11-24 09:14:10,105 - Velocimacro : allowInline = true : VMs can be defined inline in templates
2012-11-24 09:14:10,105 - Velocimacro : allowInlineToOverride = false : VMs defined inline may NOT replace previous VM definitions
2012-11-24 09:14:10,105 - Velocimacro : allowInlineLocal = false : VMs defined inline will be global in scope if allowed.
2012-11-24 09:14:10,105 - Velocimacro : autoload off : VM system will not automatically reload global library macros
2012-11-24 09:14:10,118 - Null reference [template '', line 24, column 17] : ${project.name} cannot be resolved.
2012-11-24 10:22:49,962 - Null reference [template '', line 24, column 17] : ${project.name} cannot be resolved.
